[2025-04-30T19:54:52.618+0000] {taskinstance.py:1979} INFO - Dependencies all met for dep_context=non-requeueable deps ti=<TaskInstance: bikeshare_etl_pipeline.unzip_file manual__2025-04-30T19:20:03.145231+00:00 [queued]>
[2025-04-30T19:54:52.634+0000] {taskinstance.py:1979} INFO - Dependencies all met for dep_context=requeueable deps ti=<TaskInstance: bikeshare_etl_pipeline.unzip_file manual__2025-04-30T19:20:03.145231+00:00 [queued]>
[2025-04-30T19:54:52.635+0000] {taskinstance.py:2193} INFO - Starting attempt 3 of 4
[2025-04-30T19:54:52.656+0000] {taskinstance.py:2217} INFO - Executing <Task(_PythonDecoratedOperator): unzip_file> on 2025-04-30 19:20:03.145231+00:00
[2025-04-30T19:54:52.664+0000] {standard_task_runner.py:60} INFO - Started process 4120 to run task
[2025-04-30T19:54:52.668+0000] {standard_task_runner.py:87} INFO - Running: ['airflow', 'tasks', 'run', 'bikeshare_etl_pipeline', 'unzip_file', 'manual__2025-04-30T19:20:03.145231+00:00', '--job-id', '68', '--raw', '--subdir', 'DAGS_FOLDER/etl_pipeline.py', '--cfg-path', '/tmp/tmpxesg8av1']
[2025-04-30T19:54:52.671+0000] {standard_task_runner.py:88} INFO - Job 68: Subtask unzip_file
[2025-04-30T19:54:52.769+0000] {task_command.py:423} INFO - Running <TaskInstance: bikeshare_etl_pipeline.unzip_file manual__2025-04-30T19:20:03.145231+00:00 [running]> on host e4f2445a264f
[2025-04-30T19:54:52.988+0000] {taskinstance.py:2513} INFO - Exporting env vars: AIRFLOW_CTX_DAG_EMAIL='adedoyinsamuel25@gmail.com' AIRFLOW_CTX_DAG_OWNER='airflow' AIRFLOW_CTX_DAG_ID='bikeshare_etl_pipeline' AIRFLOW_CTX_TASK_ID='unzip_file' AIRFLOW_CTX_EXECUTION_DATE='2025-04-30T19:20:03.145231+00:00' AIRFLOW_CTX_TRY_NUMBER='3' AIRFLOW_CTX_DAG_RUN_ID='manual__2025-04-30T19:20:03.145231+00:00'
[2025-04-30T19:54:53.023+0000] {base.py:83} INFO - Using connection ID 'minio_s3_conn' for task execution.
[2025-04-30T19:54:53.025+0000] {connection_wrapper.py:387} INFO - AWS Connection (conn_id='minio_s3_conn', conn_type='aws') credentials retrieved from extra.
[2025-04-30T19:54:53.514+0000] {taskinstance.py:2731} ERROR - Task failed with exception
Traceback (most recent call last):
  File "/home/airflow/.local/lib/python3.8/site-packages/airflow/models/taskinstance.py", line 444, in _execute_task
    result = _execute_callable(context=context, **execute_callable_kwargs)
  File "/home/airflow/.local/lib/python3.8/site-packages/airflow/models/taskinstance.py", line 414, in _execute_callable
    return execute_callable(context=context, **execute_callable_kwargs)
  File "/home/airflow/.local/lib/python3.8/site-packages/airflow/decorators/base.py", line 241, in execute
    return_value = super().execute(context)
  File "/home/airflow/.local/lib/python3.8/site-packages/airflow/operators/python.py", line 200, in execute
    return_value = self.execute_callable()
  File "/home/airflow/.local/lib/python3.8/site-packages/airflow/operators/python.py", line 217, in execute_callable
    return self.python_callable(*self.op_args, **self.op_kwargs)
  File "/opt/airflow/dags/etl_pipeline.py", line 77, in unzip_file
    zip_bytes = s3_hook.read_key(key=zip_key, bucket_name=MINIO_BUCKET_RAW)
  File "/home/airflow/.local/lib/python3.8/site-packages/airflow/providers/amazon/aws/hooks/s3.py", line 137, in wrapper
    return func(*bound_args.args, **bound_args.kwargs)
  File "/home/airflow/.local/lib/python3.8/site-packages/airflow/providers/amazon/aws/hooks/s3.py", line 91, in wrapper
    return func(*bound_args.args, **bound_args.kwargs)
  File "/home/airflow/.local/lib/python3.8/site-packages/airflow/providers/amazon/aws/hooks/s3.py", line 971, in read_key
    return obj.get()["Body"].read().decode("utf-8")
UnicodeDecodeError: 'utf-8' codec can't decode byte 0xc9 in position 22: invalid continuation byte
[2025-04-30T19:54:53.550+0000] {taskinstance.py:1149} INFO - Marking task as UP_FOR_RETRY. dag_id=bikeshare_etl_pipeline, task_id=unzip_file, execution_date=20250430T192003, start_date=20250430T195452, end_date=20250430T195453
[2025-04-30T19:54:53.581+0000] {standard_task_runner.py:107} ERROR - Failed to execute job 68 for task unzip_file ('utf-8' codec can't decode byte 0xc9 in position 22: invalid continuation byte; 4120)
[2025-04-30T19:54:53.602+0000] {local_task_job_runner.py:234} INFO - Task exited with return code 1
[2025-04-30T19:54:53.663+0000] {taskinstance.py:3312} INFO - 0 downstream tasks scheduled from follow-on schedule check
