[2025-04-30T23:05:44.079+0000] {taskinstance.py:1979} INFO - Dependencies all met for dep_context=non-requeueable deps ti=<TaskInstance: bikeshare_etl_pipeline.transform_data manual__2025-04-30T22:38:47.303758+00:00 [queued]>
[2025-04-30T23:05:44.090+0000] {taskinstance.py:1979} INFO - Dependencies all met for dep_context=requeueable deps ti=<TaskInstance: bikeshare_etl_pipeline.transform_data manual__2025-04-30T22:38:47.303758+00:00 [queued]>
[2025-04-30T23:05:44.090+0000] {taskinstance.py:2193} INFO - Starting attempt 4 of 4
[2025-04-30T23:05:44.106+0000] {taskinstance.py:2217} INFO - Executing <Task(_PythonDecoratedOperator): transform_data> on 2025-04-30 22:38:47.303758+00:00
[2025-04-30T23:05:44.110+0000] {standard_task_runner.py:60} INFO - Started process 14536 to run task
[2025-04-30T23:05:44.113+0000] {standard_task_runner.py:87} INFO - Running: ['airflow', 'tasks', 'run', 'bikeshare_etl_pipeline', 'transform_data', 'manual__2025-04-30T22:38:47.303758+00:00', '--job-id', '131', '--raw', '--subdir', 'DAGS_FOLDER/etl_pipeline.py', '--cfg-path', '/tmp/tmplhb649tm']
[2025-04-30T23:05:44.116+0000] {standard_task_runner.py:88} INFO - Job 131: Subtask transform_data
[2025-04-30T23:05:44.255+0000] {task_command.py:423} INFO - Running <TaskInstance: bikeshare_etl_pipeline.transform_data manual__2025-04-30T22:38:47.303758+00:00 [running]> on host e4f2445a264f
[2025-04-30T23:05:44.517+0000] {taskinstance.py:2513} INFO - Exporting env vars: AIRFLOW_CTX_DAG_EMAIL='adedoyinsamuel25@gmail.com' AIRFLOW_CTX_DAG_OWNER='airflow' AIRFLOW_CTX_DAG_ID='bikeshare_etl_pipeline' AIRFLOW_CTX_TASK_ID='transform_data' AIRFLOW_CTX_EXECUTION_DATE='2025-04-30T22:38:47.303758+00:00' AIRFLOW_CTX_TRY_NUMBER='4' AIRFLOW_CTX_DAG_RUN_ID='manual__2025-04-30T22:38:47.303758+00:00'
[2025-04-30T23:05:45.444+0000] {python.py:202} INFO - Done. Returned value was: shape: (175_233, 16)
┌────────────┬────────────┬────────────┬────────────┬───┬───────────┬───────────┬───────────┬──────┐
│ ride_id    ┆ rideable_t ┆ started_at ┆ ended_at   ┆ … ┆ member_ca ┆ duration  ┆ duration_ ┆ week │
│ ---        ┆ ype        ┆ ---        ┆ ---        ┆   ┆ sual      ┆ ---       ┆ seconds   ┆ ---  │
│ str        ┆ ---        ┆ datetime[μ ┆ datetime[μ ┆   ┆ ---       ┆ duration[ ┆ ---       ┆ i8   │
│            ┆ str        ┆ s]         ┆ s]         ┆   ┆ str       ┆ μs]       ┆ i64       ┆      │
╞════════════╪════════════╪════════════╪════════════╪═══╪═══════════╪═══════════╪═══════════╪══════╡
│ 069557AA1D ┆ classic_bi ┆ 2022-12-05 ┆ 2022-12-05 ┆ … ┆ member    ┆ 6m 19s    ┆ 379       ┆ 49   │
│ 1D8E5C     ┆ ke         ┆ 16:05:35   ┆ 16:11:54   ┆   ┆           ┆           ┆           ┆      │
│ F7ED6928E2 ┆ classic_bi ┆ 2022-12-26 ┆ 2022-12-26 ┆ … ┆ casual    ┆ 20m 38s   ┆ 1238      ┆ 52   │
│ 035375     ┆ ke         ┆ 16:15:53   ┆ 16:36:31   ┆   ┆           ┆           ┆           ┆      │
│ 67D8E86409 ┆ classic_bi ┆ 2022-12-25 ┆ 2022-12-25 ┆ … ┆ casual    ┆ 1m 44s    ┆ 104       ┆ 51   │
│ FA504A     ┆ ke         ┆ 10:40:11   ┆ 10:41:55   ┆   ┆           ┆           ┆           ┆      │
│ 1DFDDB1451 ┆ electric_b ┆ 2022-12-10 ┆ 2022-12-10 ┆ … ┆ casual    ┆ 25m 54s   ┆ 1554      ┆ 49   │
│ 47F690     ┆ ike        ┆ 14:16:08   ┆ 14:42:02   ┆   ┆           ┆           ┆           ┆      │
│ 1DB2F469CB ┆ classic_bi ┆ 2022-12-20 ┆ 2022-12-20 ┆ … ┆ member    ┆ 3m 50s    ┆ 230       ┆ 51   │
│ 0D86D5     ┆ ke         ┆ 14:40:12   ┆ 14:44:02   ┆   ┆           ┆           ┆           ┆      │
│ …          ┆ …          ┆ …          ┆ …          ┆ … ┆ …         ┆ …         ┆ …         ┆ …    │
│ 5DE5E5CC95 ┆ classic_bi ┆ 2022-12-07 ┆ 2022-12-07 ┆ … ┆ casual    ┆ 18m 4s    ┆ 1084      ┆ 49   │
│ CA28EB     ┆ ke         ┆ 18:15:55   ┆ 18:33:59   ┆   ┆           ┆           ┆           ┆      │
│ 3B0A1A42EE ┆ classic_bi ┆ 2022-12-12 ┆ 2022-12-12 ┆ … ┆ casual    ┆ 28m 37s   ┆ 1717      ┆ 50   │
│ CED9F9     ┆ ke         ┆ 10:42:36   ┆ 11:11:13   ┆   ┆           ┆           ┆           ┆      │
│ 54DCD18635 ┆ classic_bi ┆ 2022-12-07 ┆ 2022-12-07 ┆ … ┆ member    ┆ 8m 22s    ┆ 502       ┆ 49   │
│ 90BA34     ┆ ke         ┆ 18:29:36   ┆ 18:37:58   ┆   ┆           ┆           ┆           ┆      │
│ 2337F40982 ┆ classic_bi ┆ 2022-12-20 ┆ 2022-12-20 ┆ … ┆ member    ┆ 15m 7s    ┆ 907       ┆ 51   │
│ 94F4FD     ┆ ke         ┆ 18:46:45   ┆ 19:01:52   ┆   ┆           ┆           ┆           ┆      │
│ 33063F8757 ┆ classic_bi ┆ 2022-12-08 ┆ 2022-12-08 ┆ … ┆ casual    ┆ 4m 50s    ┆ 290       ┆ 49   │
│ 0F137C     ┆ ke         ┆ 14:08:06   ┆ 14:12:56   ┆   ┆           ┆           ┆           ┆      │
└────────────┴────────────┴────────────┴────────────┴───┴───────────┴───────────┴───────────┴──────┘
[2025-04-30T23:05:45.627+0000] {xcom.py:664} ERROR - Object of type bytes is not JSON serializable. If you are using pickle instead of JSON for XCom, then you need to enable pickle support for XCom in your airflow config or make sure to decorate your object with attr.
[2025-04-30T23:05:45.630+0000] {taskinstance.py:2731} ERROR - Task failed with exception
Traceback (most recent call last):
  File "/home/airflow/.local/lib/python3.8/site-packages/airflow/utils/json.py", line 91, in default
    return serialize(o)
  File "/home/airflow/.local/lib/python3.8/site-packages/airflow/serialization/serde.py", line 189, in serialize
    raise TypeError(f"cannot serialize object of type {cls}")
TypeError: cannot serialize object of type <class 'bytes'>

During handling of the above exception, another exception occurred:

Traceback (most recent call last):
  File "/home/airflow/.local/lib/python3.8/site-packages/airflow/models/taskinstance.py", line 451, in _execute_task
    task_instance.xcom_push(key=XCOM_RETURN_KEY, value=xcom_value, session=session)
  File "/home/airflow/.local/lib/python3.8/site-packages/airflow/utils/session.py", line 76, in wrapper
    return func(*args, **kwargs)
  File "/home/airflow/.local/lib/python3.8/site-packages/airflow/models/taskinstance.py", line 3013, in xcom_push
    XCom.set(
  File "/home/airflow/.local/lib/python3.8/site-packages/airflow/utils/session.py", line 76, in wrapper
    return func(*args, **kwargs)
  File "/home/airflow/.local/lib/python3.8/site-packages/airflow/models/xcom.py", line 247, in set
    value = cls.serialize_value(
  File "/home/airflow/.local/lib/python3.8/site-packages/airflow/models/xcom.py", line 662, in serialize_value
    return json.dumps(value, cls=XComEncoder).encode("UTF-8")
  File "/usr/local/lib/python3.8/json/__init__.py", line 234, in dumps
    return cls(
  File "/home/airflow/.local/lib/python3.8/site-packages/airflow/utils/json.py", line 104, in encode
    return super().encode(o)
  File "/usr/local/lib/python3.8/json/encoder.py", line 199, in encode
    chunks = self.iterencode(o, _one_shot=True)
  File "/usr/local/lib/python3.8/json/encoder.py", line 257, in iterencode
    return _iterencode(o, 0)
  File "/home/airflow/.local/lib/python3.8/site-packages/airflow/utils/json.py", line 93, in default
    return super().default(o)
  File "/usr/local/lib/python3.8/json/encoder.py", line 179, in default
    raise TypeError(f'Object of type {o.__class__.__name__} '
TypeError: Object of type bytes is not JSON serializable
[2025-04-30T23:05:45.709+0000] {taskinstance.py:1149} INFO - Marking task as FAILED. dag_id=bikeshare_etl_pipeline, task_id=transform_data, execution_date=20250430T223847, start_date=20250430T230544, end_date=20250430T230545
[2025-04-30T23:05:45.755+0000] {standard_task_runner.py:107} ERROR - Failed to execute job 131 for task transform_data (Object of type bytes is not JSON serializable; 14536)
[2025-04-30T23:05:45.812+0000] {local_task_job_runner.py:234} INFO - Task exited with return code 1
[2025-04-30T23:05:45.905+0000] {taskinstance.py:3312} INFO - 0 downstream tasks scheduled from follow-on schedule check
